{
  "RSpec": {
    "coverage": {
      "/Users/schwegler/media_inventory/lib/omniauth/strategies/mastodon.rb": {
        "lines": [
          null,
          null,
          1,
          null,
          1,
          1,
          1,
          1,
          1,
          null,
          1,
          null,
          null,
          null,
          null,
          1,
          null,
          1,
          null,
          0,
          null,
          null,
          null,
          null,
          null,
          null,
          1,
          null,
          0,
          null,
          null,
          null,
          null,
          1,
          0,
          null,
          null,
          null,
          null
        ]
      },
      "/Users/schwegler/media_inventory/app/helpers/activities_helper.rb": {
        "lines": [
          null,
          null,
          null,
          1,
          1,
          0,
          0,
          null,
          0,
          null,
          0,
          0,
          0,
          null,
          0,
          null,
          0,
          null,
          0,
          null,
          0,
          null,
          0,
          null,
          0,
          null,
          0,
          null,
          null,
          1,
          null,
          1,
          0,
          0,
          null,
          0,
          null,
          0,
          0,
          null,
          0,
          0,
          null,
          0,
          null,
          0,
          null,
          0,
          null,
          0,
          null,
          null,
          null,
          1,
          0,
          0,
          0,
          null,
          0,
          null,
          0,
          0,
          null,
          0,
          0,
          null,
          0,
          null,
          0,
          null,
          0,
          null,
          0,
          null,
          null,
          null,
          1,
          0,
          0,
          null,
          0,
          null,
          0,
          0,
          null,
          0,
          0,
          null,
          0,
          null,
          0,
          null,
          0,
          null,
          null,
          null,
          1,
          0,
          0,
          0,
          0,
          null,
          0,
          null,
          0,
          0,
          null,
          0,
          0,
          null,
          0,
          null,
          0,
          null,
          0,
          null,
          0,
          null,
          null,
          null,
          1,
          0,
          0,
          0,
          0,
          0,
          0,
          null,
          null,
          null,
          null
        ]
      },
      "/Users/schwegler/media_inventory/app/helpers/albums_helper.rb": {
        "lines": [
          null,
          null,
          1,
          null
        ]
      },
      "/Users/schwegler/media_inventory/app/helpers/application_helper.rb": {
        "lines": [
          null,
          null,
          1,
          null,
          1,
          0,
          0,
          0,
          null,
          0,
          null,
          null,
          null,
          1,
          0,
          null,
          0,
          null,
          0,
          null,
          null,
          null,
          null,
          null,
          null,
          null,
          null,
          0,
          0,
          null,
          null,
          0,
          null,
          0,
          0,
          null,
          null,
          0,
          null,
          null,
          null,
          null,
          null,
          null,
          null,
          null,
          null,
          null,
          null,
          null,
          null,
          null,
          null,
          null,
          0,
          null,
          null,
          null,
          null,
          1,
          0,
          null,
          0,
          0,
          0,
          0,
          null,
          null,
          1,
          0,
          null,
          0,
          0,
          null,
          null,
          0,
          0,
          null,
          0,
          null,
          null,
          null,
          1,
          null,
          1,
          0,
          0,
          0,
          null,
          0,
          null,
          null,
          null
        ]
      },
      "/Users/schwegler/media_inventory/app/helpers/collections_helper.rb": {
        "lines": [
          null,
          null,
          1,
          null
        ]
      },
      "/Users/schwegler/media_inventory/app/helpers/comics_helper.rb": {
        "lines": [
          null,
          null,
          1,
          null
        ]
      },
      "/Users/schwegler/media_inventory/app/helpers/mentions_helper.rb": {
        "lines": [
          null,
          null,
          1,
          1,
          0,
          null,
          null,
          0,
          0,
          0,
          0,
          0,
          0,
          null,
          0,
          null,
          null,
          null,
          null
        ]
      },
      "/Users/schwegler/media_inventory/app/helpers/movies_helper.rb": {
        "lines": [
          null,
          null,
          1,
          null
        ]
      },
      "/Users/schwegler/media_inventory/app/helpers/notifications_helper.rb": {
        "lines": [
          1,
          null
        ]
      },
      "/Users/schwegler/media_inventory/app/helpers/posts_helper.rb": {
        "lines": [
          1,
          null
        ]
      },
      "/Users/schwegler/media_inventory/app/helpers/sessions_helper.rb": {
        "lines": [
          null,
          null,
          1,
          null,
          1,
          0,
          0,
          null,
          null,
          null,
          1,
          0,
          null,
          0,
          null,
          null,
          null,
          1,
          0,
          null,
          null,
          null,
          1,
          0,
          null,
          null,
          null,
          1,
          0,
          0,
          null,
          null
        ]
      },
      "/Users/schwegler/media_inventory/app/helpers/tv_shows_helper.rb": {
        "lines": [
          null,
          null,
          1,
          null
        ]
      },
      "/Users/schwegler/media_inventory/app/helpers/video_games_helper.rb": {
        "lines": [
          null,
          null,
          1,
          null
        ]
      },
      "/Users/schwegler/media_inventory/app/controllers/activitypub_controller.rb": {
        "lines": [
          null,
          null,
          0,
          0,
          null,
          0,
          0,
          0,
          null,
          0,
          0,
          0,
          0,
          0,
          0,
          0,
          0,
          0,
          0,
          0,
          0,
          0,
          0,
          0,
          0,
          0,
          0,
          null,
          0,
          0,
          0,
          0,
          0,
          null,
          0,
          0,
          0,
          0,
          0,
          0,
          0,
          0,
          null,
          0,
          0,
          0,
          null,
          0,
          null,
          0,
          0,
          0,
          0,
          0,
          0,
          0,
          null,
          0,
          0,
          0,
          0,
          0,
          0,
          0,
          0,
          0,
          0,
          0,
          0,
          0,
          0,
          0,
          0
        ],
        "branches": {}
      },
      "/Users/schwegler/media_inventory/app/controllers/admin/activities_controller.rb": {
        "lines": [
          null,
          null,
          0,
          0,
          null,
          null,
          null,
          null,
          null,
          null,
          null,
          null,
          null,
          null,
          null,
          null,
          null,
          null,
          null,
          null,
          null,
          null,
          null,
          null,
          null,
          null,
          null,
          null,
          null,
          null,
          null,
          null,
          null,
          null,
          null,
          null,
          null,
          null,
          null,
          null,
          null,
          null,
          null,
          null,
          null,
          null,
          0,
          0
        ],
        "branches": {}
      },
      "/Users/schwegler/media_inventory/app/controllers/admin/albums_controller.rb": {
        "lines": [
          null,
          null,
          0,
          0,
          0,
          null,
          null,
          null,
          null,
          null,
          null,
          null,
          null,
          null,
          null,
          null,
          null,
          null,
          null,
          null,
          null,
          null,
          null,
          null,
          null,
          null,
          null,
          null,
          null,
          null,
          null,
          null,
          null,
          null,
          null,
          null,
          null,
          null,
          null,
          null,
          null,
          null,
          null,
          null,
          null,
          null,
          null,
          0,
          0
        ],
        "branches": {}
      },
      "/Users/schwegler/media_inventory/app/controllers/admin/api_configurations_controller.rb": {
        "lines": [
          null,
          null,
          0,
          0,
          0,
          0,
          0,
          0,
          null,
          null,
          null,
          null,
          null,
          null,
          null,
          null,
          null,
          null,
          null,
          null,
          null,
          null,
          null,
          null,
          null,
          null,
          null,
          null,
          null,
          null,
          null,
          null,
          null,
          null,
          null,
          null,
          null,
          null,
          null,
          null,
          null,
          null,
          null,
          null,
          null,
          null,
          null,
          0,
          0
        ],
        "branches": {}
      },
      "/Users/schwegler/media_inventory/app/controllers/admin/application_controller.rb": {
        "lines": [
          null,
          null,
          null,
          null,
          null,
          null,
          null,
          null,
          0,
          0,
          0,
          null,
          0,
          null,
          0,
          0,
          0,
          null,
          null,
          null,
          null,
          null,
          null,
          0,
          0
        ],
        "branches": {}
      },
      "/Users/schwegler/media_inventory/app/controllers/admin/comic_issues_controller.rb": {
        "lines": [
          null,
          null,
          0,
          0,
          null,
          null,
          null,
          null,
          null,
          null,
          null,
          null,
          null,
          null,
          null,
          null,
          null,
          null,
          null,
          null,
          null,
          null,
          null,
          null,
          null,
          null,
          null,
          null,
          null,
          null,
          null,
          null,
          null,
          null,
          null,
          null,
          null,
          null,
          null,
          null,
          null,
          null,
          null,
          null,
          null,
          null,
          0,
          0
        ],
        "branches": {}
      },
      "/Users/schwegler/media_inventory/app/controllers/admin/comics_controller.rb": {
        "lines": [
          null,
          null,
          0,
          0,
          0,
          null,
          null,
          null,
          null,
          null,
          null,
          null,
          null,
          null,
          null,
          null,
          null,
          null,
          null,
          null,
          null,
          null,
          null,
          null,
          null,
          null,
          null,
          null,
          null,
          null,
          null,
          null,
          null,
          null,
          null,
          null,
          null,
          null,
          null,
          null,
          null,
          null,
          null,
          null,
          null,
          null,
          null,
          0,
          0
        ],
        "branches": {}
      },
      "/Users/schwegler/media_inventory/app/controllers/admin/comments_controller.rb": {
        "lines": [
          null,
          null,
          0,
          0,
          null,
          null,
          null,
          null,
          null,
          null,
          null,
          null,
          null,
          null,
          null,
          null,
          null,
          null,
          null,
          null,
          null,
          null,
          null,
          null,
          null,
          null,
          null,
          null,
          null,
          null,
          null,
          null,
          null,
          null,
          null,
          null,
          null,
          null,
          null,
          null,
          null,
          null,
          null,
          null,
          null,
          null,
          0,
          0
        ],
        "branches": {}
      },
      "/Users/schwegler/media_inventory/app/controllers/admin/edit_suggestions_controller.rb": {
        "lines": [
          0,
          0,
          0,
          0,
          null,
          0,
          0,
          null,
          0,
          0,
          null,
          0,
          0,
          0,
          0,
          0,
          0,
          0,
          0,
          0,
          0,
          0,
          0,
          0,
          0,
          0,
          0,
          null,
          0,
          0,
          null,
          0,
          0,
          0,
          0,
          0,
          0,
          0,
          0,
          0,
          0,
          0,
          0,
          0,
          0,
          0
        ],
        "branches": {}
      },
      "/Users/schwegler/media_inventory/app/controllers/admin/library_items_controller.rb": {
        "lines": [
          null,
          null,
          0,
          0,
          null,
          null,
          null,
          null,
          null,
          null,
          null,
          null,
          null,
          null,
          null,
          null,
          null,
          null,
          null,
          null,
          null,
          null,
          null,
          null,
          null,
          null,
          null,
          null,
          null,
          null,
          null,
          null,
          null,
          null,
          null,
          null,
          null,
          null,
          null,
          null,
          null,
          null,
          null,
          null,
          null,
          null,
          0,
          0
        ],
        "branches": {}
      },
      "/Users/schwegler/media_inventory/app/controllers/admin/likes_controller.rb": {
        "lines": [
          null,
          null,
          0,
          0,
          null,
          null,
          null,
          null,
          null,
          null,
          null,
          null,
          null,
          null,
          null,
          null,
          null,
          null,
          null,
          null,
          null,
          null,
          null,
          null,
          null,
          null,
          null,
          null,
          null,
          null,
          null,
          null,
          null,
          null,
          null,
          null,
          null,
          null,
          null,
          null,
          null,
          null,
          null,
          null,
          null,
          null,
          0,
          0
        ],
        "branches": {}
      },
      "/Users/schwegler/media_inventory/app/controllers/admin/mastodon_oauth_applications_controller.rb": {
        "lines": [
          null,
          null,
          0,
          0,
          null,
          null,
          null,
          null,
          null,
          null,
          null,
          null,
          null,
          null,
          null,
          null,
          null,
          null,
          null,
          null,
          null,
          null,
          null,
          null,
          null,
          null,
          null,
          null,
          null,
          null,
          null,
          null,
          null,
          null,
          null,
          null,
          null,
          null,
          null,
          null,
          null,
          null,
          null,
          null,
          null,
          null,
          0,
          0
        ],
        "branches": {}
      },
      "/Users/schwegler/media_inventory/app/controllers/admin/movies_controller.rb": {
        "lines": [
          null,
          null,
          0,
          0,
          0,
          null,
          null,
          null,
          null,
          null,
          null,
          null,
          null,
          null,
          null,
          null,
          null,
          null,
          null,
          null,
          null,
          null,
          null,
          null,
          null,
          null,
          null,
          null,
          null,
          null,
          null,
          null,
          null,
          null,
          null,
          null,
          null,
          null,
          null,
          null,
          null,
          null,
          null,
          null,
          null,
          null,
          null,
          0,
          0
        ],
        "branches": {}
      },
      "/Users/schwegler/media_inventory/app/controllers/admin/relationships_controller.rb": {
        "lines": [
          null,
          null,
          0,
          0,
          null,
          null,
          null,
          null,
          null,
          null,
          null,
          null,
          null,
          null,
          null,
          null,
          null,
          null,
          null,
          null,
          null,
          null,
          null,
          null,
          null,
          null,
          null,
          null,
          null,
          null,
          null,
          null,
          null,
          null,
          null,
          null,
          null,
          null,
          null,
          null,
          null,
          null,
          null,
          null,
          null,
          null,
          0,
          0
        ],
        "branches": {}
      },
      "/Users/schwegler/media_inventory/app/controllers/admin/tv_episodes_controller.rb": {
        "lines": [
          null,
          null,
          0,
          0,
          null,
          null,
          null,
          null,
          null,
          null,
          null,
          null,
          null,
          null,
          null,
          null,
          null,
          null,
          null,
          null,
          null,
          null,
          null,
          null,
          null,
          null,
          null,
          null,
          null,
          null,
          null,
          null,
          null,
          null,
          null,
          null,
          null,
          null,
          null,
          null,
          null,
          null,
          null,
          null,
          null,
          null,
          0,
          0
        ],
        "branches": {}
      },
      "/Users/schwegler/media_inventory/app/controllers/admin/tv_shows_controller.rb": {
        "lines": [
          null,
          null,
          0,
          0,
          0,
          null,
          null,
          null,
          null,
          null,
          null,
          null,
          null,
          null,
          null,
          null,
          null,
          null,
          null,
          null,
          null,
          null,
          null,
          null,
          null,
          null,
          null,
          null,
          null,
          null,
          null,
          null,
          null,
          null,
          null,
          null,
          null,
          null,
          null,
          null,
          null,
          null,
          null,
          null,
          null,
          null,
          null,
          0,
          0
        ],
        "branches": {}
      },
      "/Users/schwegler/media_inventory/app/controllers/admin/users_controller.rb": {
        "lines": [
          null,
          null,
          0,
          0,
          null,
          null,
          null,
          null,
          null,
          null,
          null,
          null,
          null,
          null,
          null,
          null,
          null,
          null,
          null,
          null,
          null,
          null,
          null,
          null,
          null,
          null,
          null,
          null,
          null,
          null,
          null,
          null,
          null,
          null,
          null,
          null,
          null,
          null,
          null,
          null,
          null,
          null,
          null,
          null,
          null,
          null,
          0,
          0
        ],
        "branches": {}
      },
      "/Users/schwegler/media_inventory/app/controllers/admin/video_games_controller.rb": {
        "lines": [
          null,
          null,
          0,
          0,
          0,
          null,
          null,
          null,
          null,
          null,
          null,
          null,
          null,
          null,
          null,
          null,
          null,
          null,
          null,
          null,
          null,
          null,
          null,
          null,
          null,
          null,
          null,
          null,
          null,
          null,
          null,
          null,
          null,
          null,
          null,
          null,
          null,
          null,
          null,
          null,
          null,
          null,
          null,
          null,
          null,
          null,
          null,
          0,
          0
        ],
        "branches": {}
      },
      "/Users/schwegler/media_inventory/app/controllers/albums_controller.rb": {
        "lines": [
          null,
          null,
          0,
          0,
          null,
          0,
          0,
          0,
          0,
          0,
          0,
          0,
          0
        ],
        "branches": {}
      },
      "/Users/schwegler/media_inventory/app/controllers/application_controller.rb": {
        "lines": [
          null,
          null,
          0,
          null,
          null,
          0,
          0,
          null,
          0,
          null,
          0,
          null,
          0,
          0,
          null,
          0,
          null,
          0,
          0,
          null,
          0,
          0,
          0,
          0,
          0,
          0,
          0,
          0,
          null,
          0,
          0,
          null,
          0,
          0,
          0,
          null,
          null,
          0,
          0,
          null,
          0,
          0,
          0,
          null,
          0,
          0,
          null,
          null,
          0,
          null,
          null,
          0,
          null,
          null,
          0,
          null,
          null,
          0,
          null,
          0,
          0,
          0
        ],
        "branches": {}
      },
      "/Users/schwegler/media_inventory/app/controllers/client_metadata_controller.rb": {
        "lines": [
          null,
          null,
          0,
          0,
          0,
          0,
          0,
          0,
          0,
          0,
          0,
          0,
          0,
          0,
          0,
          0,
          0
        ],
        "branches": {}
      },
      "/Users/schwegler/media_inventory/app/controllers/collections_controller.rb": {
        "lines": [
          null,
          null,
          0,
          0,
          0,
          0,
          null,
          0,
          0,
          0,
          0,
          0,
          0,
          null,
          0,
          0,
          0,
          0,
          0,
          0,
          0,
          0,
          0,
          0,
          0,
          0,
          0,
          0
        ],
        "branches": {}
      },
      "/Users/schwegler/media_inventory/app/controllers/comic_issues_controller.rb": {
        "lines": [
          null,
          null,
          0,
          0,
          null,
          0,
          0,
          0,
          null,
          0,
          0,
          null,
          0,
          0,
          null,
          0,
          0,
          0,
          0,
          null,
          0,
          null,
          0,
          0,
          0,
          0,
          0,
          0,
          0,
          0,
          0,
          0,
          0,
          0,
          0,
          0,
          0,
          0,
          null,
          0,
          null,
          0,
          0,
          0,
          0
        ],
        "branches": {}
      },
      "/Users/schwegler/media_inventory/app/controllers/comics_controller.rb": {
        "lines": [
          null,
          null,
          0,
          0,
          null,
          0,
          0,
          0,
          0,
          0,
          0,
          0,
          0
        ],
        "branches": {}
      },
      "/Users/schwegler/media_inventory/app/controllers/comments_controller.rb": {
        "lines": [
          null,
          null,
          0,
          0,
          null,
          0,
          0,
          0,
          null,
          0,
          0,
          0,
          0,
          0,
          null,
          0,
          0,
          0,
          0,
          0,
          null,
          0,
          0,
          0,
          0,
          0,
          0,
          0,
          0,
          0,
          0,
          0,
          0,
          null,
          0,
          null,
          0,
          0,
          0,
          0
        ],
        "branches": {}
      },
      "/Users/schwegler/media_inventory/app/controllers/concerns/admin/media_actions.rb": {
        "lines": [
          null,
          null,
          0,
          0,
          0,
          null,
          0,
          null,
          null,
          0,
          null,
          0,
          0,
          0,
          0,
          0,
          null,
          0,
          0,
          0,
          null,
          0,
          null,
          0,
          null,
          null,
          0,
          0,
          null,
          null,
          0,
          0,
          null,
          null,
          null,
          0,
          0,
          0,
          0,
          0,
          0,
          0,
          null,
          null,
          0,
          0,
          null,
          0,
          0,
          null,
          0,
          null,
          0,
          0,
          0,
          0,
          0,
          0,
          0
        ],
        "branches": {}
      },
      "/Users/schwegler/media_inventory/app/controllers/edit_suggestions_controller.rb": {
        "lines": [
          null,
          null,
          0,
          0,
          0,
          null,
          0,
          0,
          0,
          null,
          0,
          0,
          0,
          0,
          null,
          0,
          0,
          0,
          0,
          0,
          0,
          null,
          0,
          null,
          0,
          0,
          0,
          0,
          0,
          0,
          0,
          0,
          0,
          0,
          0,
          0,
          0,
          null,
          0,
          0,
          0,
          0
        ],
        "branches": {}
      },
      "/Users/schwegler/media_inventory/app/controllers/inventory_controller.rb": {
        "lines": [
          null,
          null,
          null,
          0,
          0,
          null,
          0,
          0,
          0,
          0,
          null,
          0,
          0,
          0,
          0,
          null,
          null,
          0,
          0,
          0,
          0,
          0,
          0,
          0,
          0,
          null,
          null,
          0,
          null,
          0,
          0,
          0,
          0,
          0,
          null,
          0,
          0,
          null,
          0,
          0,
          0,
          0,
          0,
          null,
          0,
          0,
          0,
          0,
          0,
          0,
          0,
          0,
          null,
          0,
          0,
          null,
          0,
          0,
          0,
          0,
          0,
          0,
          0,
          0,
          0,
          0,
          0,
          0,
          0,
          0,
          0,
          0,
          0,
          0,
          0,
          0,
          0,
          null,
          0,
          0,
          0,
          0,
          0,
          0,
          0,
          null,
          0,
          0,
          0,
          0,
          0,
          0,
          0,
          0,
          0,
          0,
          0,
          0,
          null,
          0,
          0,
          null,
          0,
          0,
          0,
          null,
          0,
          0,
          0,
          0,
          0,
          0,
          0,
          null,
          0,
          0,
          0,
          0,
          null,
          0,
          0,
          0,
          0,
          0,
          0,
          0,
          0,
          null,
          0,
          0,
          0,
          null,
          0,
          0,
          0,
          0,
          0,
          0,
          0,
          0,
          0,
          0,
          0,
          0,
          0,
          null,
          0,
          null,
          0,
          0,
          0,
          null,
          0,
          0,
          0,
          null,
          0,
          0,
          0,
          null,
          0,
          0,
          0,
          0,
          null
        ],
        "branches": {}
      },
      "/Users/schwegler/media_inventory/app/controllers/landing_controller.rb": {
        "lines": [
          null,
          null,
          0,
          0,
          0,
          0,
          0,
          0,
          0,
          0,
          0,
          0,
          0,
          null,
          0,
          null,
          0,
          0,
          0,
          null,
          0,
          0,
          null,
          0,
          0,
          0,
          0,
          0,
          null,
          0,
          0,
          0,
          0,
          0,
          0,
          null,
          0,
          0,
          0,
          null,
          0,
          null,
          0,
          0,
          0,
          null,
          0,
          0,
          0,
          0,
          null,
          0,
          0,
          0,
          null,
          0,
          0,
          0,
          0,
          0,
          0,
          0,
          0,
          0,
          0,
          null,
          0,
          0,
          0,
          0,
          0,
          null,
          0,
          0,
          0,
          0,
          0,
          0,
          0,
          null,
          0,
          0,
          0,
          0,
          null,
          0,
          0,
          0,
          null,
          0,
          0,
          0,
          0,
          0,
          0,
          0,
          null,
          0,
          0,
          0,
          0,
          0,
          0,
          0,
          0,
          0,
          0,
          0,
          0
        ],
        "branches": {}
      },
      "/Users/schwegler/media_inventory/app/controllers/likes_controller.rb": {
        "lines": [
          null,
          null,
          0,
          0,
          null,
          0,
          0,
          0,
          null,
          0,
          0,
          null,
          0,
          0,
          0,
          0,
          0,
          0,
          0,
          0,
          0,
          0,
          0,
          0,
          null,
          0,
          null,
          0,
          0,
          0,
          null,
          0,
          0,
          0,
          0,
          0,
          null,
          0,
          0,
          0,
          0,
          0,
          null,
          0,
          0,
          0,
          0,
          null,
          0,
          0,
          null,
          0,
          0,
          0,
          0,
          0,
          0,
          0,
          0,
          0,
          0,
          0
        ],
        "branches": {}
      },
      "/Users/schwegler/media_inventory/app/controllers/media_controller.rb": {
        "lines": [
          null,
          null,
          null,
          0,
          0,
          null,
          0,
          0,
          0,
          0,
          0,
          0,
          0,
          null,
          0,
          0,
          null,
          0,
          0,
          0,
          0,
          null,
          0,
          null,
          0,
          0,
          0,
          0,
          0,
          0,
          null,
          0,
          0,
          0,
          null,
          0,
          0,
          0,
          0,
          null,
          0,
          0,
          0,
          0,
          0,
          0,
          0,
          0,
          null,
          0,
          0,
          null,
          0,
          null,
          0,
          0,
          0,
          null,
          0,
          0,
          0,
          0,
          0,
          0,
          0,
          0,
          null,
          0,
          0,
          0,
          null,
          0,
          0,
          0,
          0,
          null,
          0,
          0,
          null,
          0,
          0,
          0,
          0,
          0,
          0,
          0,
          0,
          0,
          0,
          0,
          0,
          0,
          null,
          0,
          0,
          null,
          0,
          0,
          null,
          0,
          0,
          0,
          0,
          0,
          null,
          0,
          null,
          0,
          0,
          0,
          0,
          0,
          0,
          0,
          0,
          0,
          0,
          0,
          0,
          0,
          0,
          0,
          0,
          0,
          null,
          0,
          0,
          0,
          0,
          0,
          0,
          0,
          0,
          0,
          0,
          0,
          0,
          0,
          null,
          0,
          0,
          null,
          0,
          0,
          0,
          0,
          0,
          null,
          0,
          null,
          0,
          0,
          0,
          0,
          0,
          0,
          0,
          0,
          0,
          0,
          0,
          0,
          0,
          0,
          0,
          0,
          null,
          0,
          0,
          0,
          0,
          null,
          0,
          0,
          null,
          0,
          0,
          0,
          0,
          0,
          0,
          0,
          0,
          0,
          0,
          0,
          0,
          0,
          0,
          null,
          0,
          0,
          null,
          0,
          0,
          0,
          0,
          0,
          null,
          0,
          null,
          0,
          0,
          0,
          0,
          0,
          0,
          0,
          0,
          0,
          0,
          0,
          0,
          0,
          0,
          0,
          0,
          0,
          null,
          0,
          0,
          null,
          0,
          0,
          0,
          0,
          0,
          null,
          0,
          0,
          0,
          0,
          null,
          0,
          null,
          0,
          0,
          0,
          0,
          0,
          0,
          0,
          0,
          0,
          0,
          0,
          0,
          0,
          0,
          0,
          0,
          0,
          0,
          null,
          0,
          0,
          0,
          null,
          0,
          0,
          null,
          0,
          0,
          0,
          0,
          0,
          0,
          0,
          0,
          0,
          0,
          0,
          0,
          0,
          0,
          0,
          null,
          0,
          0,
          null,
          0,
          0,
          null,
          0,
          0,
          0,
          0,
          0,
          null,
          0,
          0,
          0,
          null,
          0,
          0,
          0,
          0,
          0,
          null,
          0,
          0,
          0,
          0,
          0,
          0,
          0,
          null,
          0,
          0,
          null,
          0,
          0,
          0,
          0,
          0,
          0,
          0,
          0,
          0,
          0,
          0,
          0,
          null,
          0,
          0,
          0,
          0,
          null,
          0,
          0,
          null,
          0,
          0,
          0,
          0,
          0,
          0,
          0,
          0,
          0,
          0,
          0,
          0,
          null,
          0,
          0,
          null,
          0,
          0,
          null,
          0,
          0,
          0,
          0,
          0,
          null,
          0,
          null,
          0,
          0,
          0,
          0,
          0,
          0,
          0,
          0,
          0,
          0,
          0,
          0,
          0,
          0,
          0,
          0,
          null,
          0,
          0,
          null,
          0,
          0,
          0,
          0,
          0,
          null,
          0,
          0,
          0,
          0,
          0,
          0,
          0,
          0,
          null,
          0,
          0,
          0,
          0,
          0,
          0,
          null,
          0,
          0,
          0,
          0,
          0,
          0,
          0,
          0,
          0,
          0,
          null,
          0,
          0,
          0,
          0,
          null,
          0,
          0,
          null,
          0,
          0,
          0,
          0,
          0,
          0,
          0,
          0,
          0,
          0,
          0,
          0,
          0,
          0,
          0,
          null,
          0,
          0,
          null,
          0,
          0,
          0,
          0,
          0,
          0,
          0,
          null,
          0,
          0,
          0,
          0,
          0,
          0,
          0,
          0,
          0,
          0,
          0,
          0,
          0,
          0,
          0,
          0,
          0,
          0,
          0,
          0,
          0,
          0,
          0,
          0,
          0,
          null,
          0,
          0,
          0,
          0,
          null,
          0,
          0,
          0,
          0,
          0,
          0,
          0,
          null,
          0,
          0,
          0,
          0,
          0,
          0,
          0,
          0,
          0,
          null,
          0,
          0,
          0,
          0,
          0,
          null,
          0,
          0,
          0,
          0,
          0,
          0,
          0,
          0,
          0,
          null,
          0,
          null,
          0,
          0,
          0,
          null,
          0,
          0,
          0,
          0,
          0,
          0,
          0,
          0,
          0,
          0,
          0,
          0,
          0,
          null
        ],
        "branches": {}
      },
      "/Users/schwegler/media_inventory/app/controllers/movies_controller.rb": {
        "lines": [
          null,
          null,
          0,
          0,
          null,
          0,
          0,
          0,
          null,
          0,
          null,
          0,
          0,
          0,
          0,
          0,
          0,
          0,
          0
        ],
        "branches": {}
      },
      "/Users/schwegler/media_inventory/app/controllers/notifications_controller.rb": {
        "lines": [
          0,
          0,
          null,
          0,
          0,
          0,
          null,
          0,
          0,
          0,
          0,
          0
        ],
        "branches": {}
      },
      "/Users/schwegler/media_inventory/app/controllers/omniauth_callbacks_controller.rb": {
        "lines": [
          null,
          null,
          0,
          0,
          null,
          0,
          0,
          null,
          0,
          0,
          null,
          0,
          0,
          0,
          0,
          0,
          0,
          0,
          null,
          0,
          0,
          0,
          null,
          0,
          0,
          0,
          null,
          0,
          0,
          0,
          0,
          null,
          0,
          0,
          0,
          null,
          0,
          0,
          0,
          null,
          0,
          0,
          0,
          null,
          0,
          0,
          0,
          0,
          null,
          0,
          0,
          0,
          0,
          0,
          0,
          null,
          0,
          0,
          0,
          null,
          0,
          0,
          0,
          null,
          0,
          null,
          null,
          0,
          0,
          0,
          0,
          0,
          0,
          0,
          0,
          0,
          null,
          0,
          null,
          0,
          0,
          null,
          0,
          0,
          0,
          0,
          0,
          null,
          0,
          0,
          0,
          0,
          0,
          0,
          null,
          null,
          0,
          0,
          null,
          0,
          0,
          0,
          0,
          null,
          null,
          0,
          0,
          0,
          0,
          0,
          0,
          null,
          0,
          0,
          0,
          0,
          0,
          null,
          0,
          0,
          0,
          0,
          0,
          0
        ],
        "branches": {}
      },
      "/Users/schwegler/media_inventory/app/controllers/posts_controller.rb": {
        "lines": [
          0,
          0,
          null,
          0,
          0,
          0,
          0,
          0,
          0,
          0,
          0,
          null,
          0,
          0,
          0,
          0,
          0,
          0,
          0,
          0,
          null,
          0,
          null,
          0,
          0,
          0,
          0
        ],
        "branches": {}
      },
      "/Users/schwegler/media_inventory/app/controllers/relationships_controller.rb": {
        "lines": [
          null,
          null,
          0,
          0,
          null,
          0,
          0,
          0,
          0,
          0,
          0,
          null,
          0,
          0,
          0,
          0,
          0,
          0,
          0
        ],
        "branches": {}
      },
      "/Users/schwegler/media_inventory/app/controllers/search_controller.rb": {
        "lines": [
          null,
          null,
          0,
          0,
          0,
          0,
          0,
          null,
          0,
          null,
          0,
          0,
          0,
          0,
          0,
          0,
          0,
          0,
          null,
          0,
          0,
          0,
          0,
          0
        ],
        "branches": {}
      },
      "/Users/schwegler/media_inventory/app/controllers/sessions_controller.rb": {
        "lines": [
          null,
          null,
          0,
          0,
          null,
          0,
          0,
          0,
          0,
          0,
          0,
          0,
          null,
          0,
          0,
          0,
          0,
          null,
          0,
          null,
          0,
          0,
          0,
          null,
          0,
          0,
          0,
          0,
          0,
          0,
          0,
          null,
          0,
          0,
          0,
          null,
          0,
          null,
          0,
          0,
          0,
          0,
          0,
          0,
          null,
          0,
          0,
          0,
          0,
          0,
          0,
          null,
          0,
          0,
          0,
          0,
          0
        ],
        "branches": {}
      },
      "/Users/schwegler/media_inventory/app/controllers/settings_controller.rb": {
        "lines": [
          null,
          null,
          0,
          0,
          0,
          null,
          0,
          null,
          0,
          null,
          0,
          null,
          0,
          null,
          0,
          0,
          0,
          0,
          0,
          0,
          0,
          0,
          0,
          0,
          0,
          0,
          null,
          0,
          0,
          0,
          0,
          0,
          0,
          0,
          0,
          null,
          0,
          0,
          0,
          0,
          0,
          0,
          0,
          0,
          null,
          0,
          0,
          0,
          0,
          0,
          0,
          0,
          0,
          null,
          0,
          0,
          0,
          0,
          0,
          0,
          null,
          0,
          null,
          0,
          0,
          0,
          0,
          0,
          0,
          0,
          0,
          null,
          0,
          0,
          0,
          0,
          0,
          null,
          0,
          null,
          0,
          0,
          0,
          null,
          0,
          0,
          0,
          null,
          0,
          0,
          0,
          0,
          0,
          0,
          0,
          0,
          null,
          0,
          0,
          0,
          null,
          0,
          0,
          0,
          0,
          0,
          0,
          0,
          0,
          0,
          0
        ],
        "branches": {}
      },
      "/Users/schwegler/media_inventory/app/controllers/tv_episodes_controller.rb": {
        "lines": [
          null,
          null,
          0,
          0,
          null,
          0,
          0,
          0,
          null,
          0,
          0,
          null,
          0,
          0,
          null,
          0,
          0,
          0,
          0,
          null,
          0,
          null,
          0,
          0,
          0,
          0,
          0,
          0,
          0,
          0,
          0,
          0,
          0,
          0,
          0,
          0,
          0,
          0,
          null,
          0,
          null,
          0,
          0,
          0,
          0
        ],
        "branches": {}
      },
      "/Users/schwegler/media_inventory/app/controllers/tv_shows_controller.rb": {
        "lines": [
          null,
          null,
          0,
          0,
          0,
          0,
          null,
          0,
          null,
          0,
          0,
          0,
          0,
          0,
          0,
          0,
          0
        ],
        "branches": {}
      },
      "/Users/schwegler/media_inventory/app/controllers/users_controller.rb": {
        "lines": [
          null,
          null,
          null,
          0,
          0,
          0,
          0,
          null,
          0,
          0,
          0,
          null,
          0,
          0,
          0,
          0,
          null,
          null,
          0,
          0,
          0,
          0,
          0,
          null,
          0,
          0,
          0,
          0,
          0,
          null,
          0,
          0,
          null,
          0,
          0,
          0,
          null,
          0,
          0,
          0,
          null,
          0,
          0,
          0,
          0,
          0,
          0,
          0,
          0,
          0,
          0,
          null,
          0,
          0,
          0,
          0,
          0,
          0,
          0,
          0,
          0,
          0,
          0,
          null,
          0,
          0,
          0,
          null,
          0,
          0,
          0,
          0,
          0,
          0,
          0,
          null,
          0,
          0,
          0,
          0,
          0,
          0,
          0,
          null,
          0,
          0,
          0,
          0,
          0,
          null,
          0,
          0,
          0,
          0,
          0,
          0,
          null,
          0,
          0,
          0,
          0,
          0,
          0,
          null,
          0,
          null,
          0,
          0,
          0,
          0,
          0,
          0,
          0,
          0,
          0,
          0,
          0,
          0,
          0,
          0,
          0,
          0,
          null,
          0,
          0,
          0,
          0,
          0,
          0,
          null,
          null,
          0,
          0,
          0,
          0,
          null,
          null,
          0,
          0,
          0,
          0,
          null,
          null
        ],
        "branches": {}
      },
      "/Users/schwegler/media_inventory/app/controllers/video_games_controller.rb": {
        "lines": [
          null,
          null,
          0,
          0,
          null,
          0,
          0,
          0,
          null,
          0,
          null,
          0,
          0,
          0,
          0,
          0,
          0,
          0,
          0
        ],
        "branches": {}
      },
      "/Users/schwegler/media_inventory/app/controllers/webfinger_controller.rb": {
        "lines": [
          null,
          null,
          0,
          0,
          0,
          0,
          null,
          0,
          0,
          0,
          0,
          null,
          0,
          0,
          0,
          0,
          0,
          0,
          0,
          0,
          0,
          0,
          0,
          0,
          0,
          0,
          0,
          0,
          0
        ],
        "branches": {}
      },
      "/Users/schwegler/media_inventory/app/dashboards/activity_dashboard.rb": {
        "lines": [
          null,
          null,
          0,
          null,
          0,
          null,
          null,
          null,
          null,
          null,
          null,
          0,
          0,
          0,
          0,
          0,
          0,
          0,
          0,
          0,
          null,
          null,
          null,
          null,
          null,
          null,
          0,
          0,
          0,
          0,
          0,
          null,
          null,
          null,
          0,
          0,
          0,
          0,
          0,
          0,
          0,
          0,
          0,
          null,
          null,
          null,
          null,
          0,
          0,
          0,
          0,
          0,
          0,
          null,
          null,
          null,
          null,
          null,
          null,
          null,
          null,
          null,
          null,
          null,
          0,
          null,
          null,
          null,
          null,
          0,
          0,
          0,
          0
        ],
        "branches": {}
      },
      "/Users/schwegler/media_inventory/app/dashboards/album_dashboard.rb": {
        "lines": [
          null,
          null,
          0,
          null,
          0,
          null,
          null,
          null,
          null,
          null,
          null,
          0,
          0,
          0,
          0,
          0,
          0,
          0,
          0,
          0,
          0,
          0,
          0,
          0,
          0,
          null,
          null,
          null,
          null,
          null,
          null,
          0,
          0,
          0,
          0,
          0,
          0,
          null,
          null,
          null,
          0,
          0,
          0,
          0,
          0,
          0,
          0,
          0,
          0,
          0,
          0,
          0,
          0,
          0,
          null,
          null,
          null,
          null,
          0,
          0,
          0,
          0,
          0,
          0,
          0,
          0,
          0,
          0,
          0,
          null,
          null,
          null,
          null,
          null,
          null,
          null,
          null,
          null,
          null,
          null,
          0,
          null,
          null,
          null,
          null,
          0,
          0,
          0,
          0
        ],
        "branches": {}
      },
      "/Users/schwegler/media_inventory/app/dashboards/api_configuration_dashboard.rb": {
        "lines": [
          null,
          null,
          0,
          null,
          0,
          null,
          null,
          null,
          null,
          null,
          null,
          0,
          0,
          0,
          0,
          0,
          0,
          0,
          0,
          0,
          0,
          0,
          0,
          0,
          0,
          0,
          null,
          null,
          null,
          null,
          null,
          null,
          0,
          0,
          0,
          0,
          0,
          0,
          null,
          null,
          null,
          0,
          0,
          0,
          0,
          0,
          0,
          0,
          0,
          0,
          0,
          0,
          null,
          null,
          null,
          null,
          0,
          0,
          0,
          0,
          0,
          0,
          0,
          0,
          null,
          null,
          null,
          null,
          null,
          null,
          null,
          null,
          null,
          null,
          null,
          0,
          null,
          null,
          null,
          null,
          0,
          0,
          0,
          0
        ],
        "branches": {}
      },
      "/Users/schwegler/media_inventory/app/dashboards/comic_dashboard.rb": {
        "lines": [
          null,
          null,
          0,
          null,
          0,
          null,
          null,
          null,
          null,
          null,
          null,
          0,
          0,
          0,
          0,
          0,
          0,
          0,
          0,
          0,
          0,
          0,
          0,
          0,
          0,
          0,
          0,
          null,
          null,
          null,
          null,
          null,
          null,
          0,
          0,
          0,
          0,
          0,
          0,
          null,
          null,
          null,
          0,
          0,
          0,
          0,
          0,
          0,
          0,
          0,
          0,
          0,
          0,
          0,
          0,
          0,
          0,
          0,
          null,
          null,
          null,
          null,
          0,
          0,
          0,
          0,
          0,
          0,
          0,
          0,
          0,
          0,
          0,
          0,
          0,
          null,
          null,
          null,
          null,
          null,
          null,
          null,
          null,
          null,
          null,
          null,
          0,
          null,
          null,
          null,
          null,
          0,
          0,
          0,
          0
        ],
        "branches": {}
      },
      "/Users/schwegler/media_inventory/app/dashboards/comic_issue_dashboard.rb": {
        "lines": [
          null,
          null,
          0,
          null,
          0,
          null,
          null,
          null,
          null,
          null,
          null,
          0,
          0,
          0,
          0,
          0,
          0,
          0,
          0,
          0,
          0,
          null,
          null,
          null,
          null,
          null,
          null,
          0,
          0,
          0,
          0,
          0,
          0,
          null,
          null,
          null,
          0,
          0,
          0,
          0,
          0,
          0,
          0,
          0,
          0,
          0,
          null,
          null,
          null,
          null,
          0,
          0,
          0,
          0,
          0,
          0,
          0,
          null,
          null,
          null,
          null,
          null,
          null,
          null,
          null,
          null,
          null,
          null,
          0,
          null,
          null,
          null,
          null,
          0,
          0,
          0,
          0
        ],
        "branches": {}
      },
      "/Users/schwegler/media_inventory/app/dashboards/comment_dashboard.rb": {
        "lines": [
          null,
          null,
          0,
          null,
          0,
          null,
          null,
          null,
          null,
          null,
          null,
          0,
          0,
          0,
          0,
          0,
          0,
          0,
          0,
          null,
          null,
          null,
          null,
          null,
          null,
          0,
          0,
          0,
          0,
          0,
          0,
          null,
          null,
          null,
          0,
          0,
          0,
          0,
          0,
          0,
          0,
          0,
          null,
          null,
          null,
          null,
          0,
          0,
          0,
          0,
          0,
          null,
          null,
          null,
          null,
          null,
          null,
          null,
          null,
          null,
          null,
          null,
          0,
          null,
          null,
          null,
          null,
          0,
          0,
          0,
          0
        ],
        "branches": {}
      },
      "/Users/schwegler/media_inventory/app/dashboards/edit_suggestion_dashboard.rb": {
        "lines": [
          0,
          null,
          0,
          null,
          null,
          null,
          null,
          null,
          null,
          0,
          0,
          0,
          0,
          0,
          0,
          0,
          0,
          0,
          0,
          null,
          null,
          null,
          null,
          null,
          null,
          0,
          0,
          0,
          0,
          0,
          0,
          null,
          null,
          null,
          0,
          0,
          0,
          0,
          0,
          0,
          0,
          0,
          0,
          0,
          null,
          null,
          null,
          null,
          0,
          0,
          0,
          0,
          0,
          0,
          0,
          null,
          null,
          null,
          null,
          null,
          null,
          null,
          null,
          null,
          null,
          null,
          0,
          null,
          null,
          null,
          null,
          null,
          null,
          null,
          0
        ],
        "branches": {}
      },
      "/Users/schwegler/media_inventory/app/dashboards/library_item_dashboard.rb": {
        "lines": [
          null,
          null,
          0,
          null,
          0,
          null,
          null,
          null,
          null,
          null,
          null,
          0,
          0,
          0,
          0,
          0,
          0,
          0,
          0,
          0,
          0,
          0,
          0,
          0,
          0,
          0,
          0,
          0,
          null,
          null,
          null,
          null,
          null,
          null,
          0,
          0,
          0,
          0,
          0,
          0,
          null,
          null,
          null,
          0,
          0,
          0,
          0,
          0,
          0,
          0,
          0,
          0,
          0,
          0,
          0,
          0,
          0,
          0,
          0,
          0,
          null,
          null,
          null,
          null,
          0,
          0,
          0,
          0,
          0,
          0,
          0,
          0,
          0,
          0,
          0,
          0,
          0,
          0,
          null,
          null,
          null,
          null,
          null,
          null,
          null,
          null,
          null,
          null,
          null,
          0,
          null,
          null,
          null,
          null,
          0,
          0,
          0,
          0
        ],
        "branches": {}
      },
      "/Users/schwegler/media_inventory/app/dashboards/like_dashboard.rb": {
        "lines": [
          null,
          null,
          0,
          null,
          0,
          null,
          null,
          null,
          null,
          null,
          null,
          0,
          0,
          0,
          0,
          0,
          0,
          0,
          null,
          null,
          null,
          null,
          null,
          null,
          0,
          0,
          0,
          0,
          0,
          0,
          null,
          null,
          null,
          0,
          0,
          0,
          0,
          0,
          0,
          0,
          null,
          null,
          null,
          null,
          0,
          0,
          0,
          0,
          null,
          null,
          null,
          null,
          null,
          null,
          null,
          null,
          null,
          null,
          null,
          0,
          null,
          null,
          null,
          null,
          0,
          0,
          0,
          0
        ],
        "branches": {}
      },
      "/Users/schwegler/media_inventory/app/dashboards/mastodon_oauth_application_dashboard.rb": {
        "lines": [
          null,
          null,
          0,
          null,
          0,
          null,
          null,
          null,
          null,
          null,
          null,
          0,
          0,
          0,
          0,
          0,
          0,
          0,
          0,
          null,
          null,
          null,
          null,
          null,
          null,
          0,
          0,
          0,
          0,
          0,
          null,
          null,
          null,
          0,
          0,
          0,
          0,
          0,
          0,
          0,
          0,
          null,
          null,
          null,
          null,
          0,
          0,
          0,
          0,
          0,
          null,
          null,
          null,
          null,
          null,
          null,
          null,
          null,
          null,
          null,
          null,
          0,
          null,
          null,
          null,
          null,
          0,
          0,
          0,
          0
        ],
        "branches": {}
      },
      "/Users/schwegler/media_inventory/app/dashboards/movie_dashboard.rb": {
        "lines": [
          null,
          null,
          0,
          null,
          0,
          null,
          null,
          null,
          null,
          null,
          null,
          0,
          0,
          0,
          0,
          0,
          0,
          0,
          0,
          0,
          0,
          0,
          0,
          0,
          null,
          null,
          null,
          null,
          null,
          null,
          0,
          0,
          0,
          0,
          0,
          null,
          null,
          null,
          0,
          0,
          0,
          0,
          0,
          0,
          0,
          0,
          0,
          0,
          0,
          0,
          0,
          null,
          null,
          null,
          null,
          0,
          0,
          0,
          0,
          0,
          0,
          0,
          0,
          0,
          0,
          null,
          null,
          null,
          null,
          null,
          null,
          null,
          null,
          null,
          null,
          null,
          0,
          null,
          null,
          null,
          null,
          0,
          0,
          0,
          0
        ],
        "branches": {}
      },
      "/Users/schwegler/media_inventory/app/dashboards/relationship_dashboard.rb": {
        "lines": [
          null,
          null,
          0,
          null,
          0,
          null,
          null,
          null,
          null,
          null,
          null,
          0,
          0,
          0,
          0,
          0,
          0,
          0,
          null,
          null,
          null,
          null,
          null,
          null,
          0,
          0,
          0,
          0,
          0,
          0,
          null,
          null,
          null,
          0,
          0,
          0,
          0,
          0,
          0,
          0,
          null,
          null,
          null,
          null,
          0,
          0,
          0,
          0,
          null,
          null,
          null,
          null,
          null,
          null,
          null,
          null,
          null,
          null,
          null,
          0,
          null,
          null,
          null,
          null,
          0,
          0,
          0,
          0
        ],
        "branches": {}
      },
      "/Users/schwegler/media_inventory/app/dashboards/tv_episode_dashboard.rb": {
        "lines": [
          null,
          null,
          0,
          null,
          0,
          null,
          null,
          null,
          null,
          null,
          null,
          0,
          0,
          0,
          0,
          0,
          0,
          0,
          0,
          0,
          0,
          0,
          0,
          0,
          0,
          0,
          0,
          0,
          0,
          null,
          null,
          null,
          null,
          null,
          null,
          0,
          0,
          0,
          0,
          0,
          0,
          null,
          null,
          null,
          0,
          0,
          0,
          0,
          0,
          0,
          0,
          0,
          0,
          0,
          0,
          0,
          0,
          0,
          0,
          0,
          0,
          0,
          null,
          null,
          null,
          null,
          0,
          0,
          0,
          0,
          0,
          0,
          0,
          0,
          0,
          0,
          0,
          0,
          0,
          0,
          0,
          null,
          null,
          null,
          null,
          null,
          null,
          null,
          null,
          null,
          null,
          null,
          0,
          null,
          null,
          null,
          null,
          0,
          0,
          0,
          0
        ],
        "branches": {}
      },
      "/Users/schwegler/media_inventory/app/dashboards/tv_show_dashboard.rb": {
        "lines": [
          null,
          null,
          0,
          null,
          0,
          null,
          null,
          null,
          null,
          null,
          null,
          0,
          0,
          0,
          0,
          0,
          0,
          0,
          0,
          0,
          0,
          0,
          0,
          0,
          null,
          null,
          null,
          null,
          null,
          null,
          0,
          0,
          0,
          0,
          0,
          null,
          null,
          null,
          0,
          0,
          0,
          0,
          0,
          0,
          0,
          0,
          0,
          0,
          0,
          0,
          0,
          null,
          null,
          null,
          null,
          0,
          0,
          0,
          0,
          0,
          0,
          0,
          0,
          0,
          0,
          null,
          null,
          null,
          null,
          null,
          null,
          null,
          null,
          null,
          null,
          null,
          0,
          null,
          null,
          null,
          null,
          0,
          0,
          0,
          0
        ],
        "branches": {}
      },
      "/Users/schwegler/media_inventory/app/dashboards/user_dashboard.rb": {
        "lines": [
          null,
          null,
          0,
          null,
          null,
          0,
          null,
          null,
          null,
          null,
          null,
          null,
          0,
          0,
          0,
          0,
          0,
          0,
          0,
          0,
          0,
          0,
          0,
          0,
          0,
          0,
          0,
          0,
          0,
          0,
          0,
          0,
          0,
          0,
          0,
          0,
          0,
          0,
          0,
          0,
          0,
          0,
          0,
          0,
          0,
          0,
          0,
          0,
          0,
          0,
          0,
          0,
          0,
          0,
          0,
          0,
          0,
          0,
          0,
          0,
          0,
          0,
          0,
          0,
          0,
          null,
          null,
          null,
          null,
          null,
          null,
          0,
          0,
          0,
          0,
          0,
          0,
          null,
          null,
          null,
          0,
          0,
          0,
          0,
          0,
          0,
          0,
          0,
          0,
          0,
          0,
          0,
          0,
          0,
          0,
          0,
          0,
          0,
          0,
          0,
          0,
          0,
          0,
          0,
          0,
          0,
          0,
          0,
          0,
          0,
          0,
          0,
          0,
          0,
          0,
          0,
          0,
          0,
          0,
          0,
          0,
          0,
          0,
          0,
          0,
          0,
          0,
          0,
          0,
          0,
          0,
          0,
          0,
          null,
          null,
          null,
          null,
          0,
          0,
          0,
          0,
          0,
          0,
          0,
          0,
          0,
          0,
          0,
          0,
          0,
          0,
          0,
          0,
          0,
          0,
          0,
          0,
          0,
          0,
          0,
          0,
          0,
          0,
          0,
          0,
          0,
          0,
          0,
          0,
          0,
          0,
          0,
          0,
          0,
          0,
          0,
          0,
          0,
          0,
          0,
          0,
          0,
          0,
          0,
          0,
          0,
          0,
          null,
          null,
          null,
          null,
          null,
          null,
          null,
          null,
          null,
          null,
          null,
          0,
          null,
          null,
          null,
          null,
          0,
          0,
          0,
          0,
          null
        ],
        "branches": {}
      },
      "/Users/schwegler/media_inventory/app/dashboards/video_game_dashboard.rb": {
        "lines": [
          null,
          null,
          0,
          null,
          0,
          null,
          null,
          null,
          null,
          null,
          null,
          0,
          0,
          0,
          0,
          0,
          0,
          0,
          0,
          0,
          0,
          0,
          0,
          0,
          0,
          0,
          null,
          null,
          null,
          null,
          null,
          null,
          0,
          0,
          0,
          0,
          0,
          null,
          null,
          null,
          0,
          0,
          0,
          0,
          0,
          0,
          0,
          0,
          0,
          0,
          0,
          0,
          0,
          0,
          0,
          null,
          null,
          null,
          null,
          0,
          0,
          0,
          0,
          0,
          0,
          0,
          0,
          0,
          0,
          0,
          0,
          null,
          null,
          null,
          null,
          null,
          null,
          null,
          null,
          null,
          null,
          null,
          0,
          null,
          null,
          null,
          null,
          0,
          0,
          0,
          0
        ],
        "branches": {}
      },
      "/Users/schwegler/media_inventory/app/jobs/application_job.rb": {
        "lines": [
          null,
          null,
          0,
          null,
          null,
          null,
          null,
          null,
          0
        ],
        "branches": {}
      },
      "/Users/schwegler/media_inventory/app/jobs/cleanup_unconfirmed_users_job.rb": {
        "lines": [
          null,
          null,
          0,
          0,
          null,
          0,
          0,
          0,
          null,
          0,
          null,
          0,
          0,
          0
        ],
        "branches": {}
      },
      "/Users/schwegler/media_inventory/app/jobs/letterboxd_import_job.rb": {
        "lines": [
          null,
          null,
          0,
          0,
          0,
          0,
          null,
          null,
          0,
          0,
          null,
          0,
          0,
          0,
          null,
          0,
          null,
          0,
          0,
          0,
          0,
          0,
          0,
          0,
          0,
          0,
          0,
          null,
          0,
          null,
          0,
          0,
          0,
          null,
          0,
          0,
          0,
          0,
          null,
          0,
          0,
          0,
          0,
          0,
          0,
          null,
          0,
          0,
          0,
          null,
          0,
          0,
          0,
          0,
          null,
          0,
          0,
          0,
          0,
          0,
          0,
          0,
          null,
          0,
          0,
          0,
          null,
          0,
          0,
          0,
          0,
          null,
          0,
          0,
          0,
          0,
          null,
          0,
          0,
          0,
          0,
          0,
          0,
          0,
          0,
          null,
          0,
          0,
          null,
          0,
          0,
          0,
          null,
          0,
          0,
          0,
          null,
          0,
          0,
          0,
          0,
          null,
          0,
          0,
          0,
          0,
          0,
          0,
          null,
          0,
          0,
          0,
          null,
          0,
          0,
          0,
          0,
          null,
          0,
          0,
          0,
          0,
          null,
          0,
          0,
          0,
          0,
          0,
          0,
          0,
          0,
          null,
          0,
          0,
          null,
          0,
          0,
          null,
          0,
          0,
          0,
          null,
          0,
          0,
          0,
          null,
          0,
          0,
          0,
          0,
          null,
          0,
          0,
          0,
          null,
          0,
          0,
          0,
          0,
          null,
          0,
          0,
          null,
          0,
          null,
          null,
          0,
          0,
          0,
          0,
          0,
          0,
          0,
          null,
          0,
          0,
          0,
          null,
          0,
          0,
          0,
          null,
          0,
          0,
          0,
          0,
          0,
          0,
          0,
          null,
          0,
          0,
          null,
          0,
          0,
          0,
          0,
          0,
          0,
          0,
          0,
          null,
          0,
          0,
          0,
          0,
          0,
          0,
          0,
          0,
          0,
          0,
          0,
          null,
          null
        ],
        "branches": {}
      },
      "/Users/schwegler/media_inventory/app/mailers/application_mailer.rb": {
        "lines": [
          null,
          null,
          0,
          0,
          0,
          0
        ],
        "branches": {}
      },
      "/Users/schwegler/media_inventory/app/models/activity.rb": {
        "lines": [
          null,
          null,
          0,
          0,
          0,
          null,
          0,
          null,
          null,
          0,
          0,
          0,
          0,
          0,
          null,
          0,
          0,
          0,
          0,
          0,
          0,
          0,
          0,
          0,
          0,
          0,
          0,
          0,
          0,
          0,
          0,
          0,
          0,
          0,
          0,
          0,
          0,
          0,
          0,
          0,
          0,
          0,
          0,
          0,
          0,
          0,
          0,
          0,
          0,
          0,
          0,
          0,
          0,
          0,
          0,
          0,
          0,
          0,
          0,
          0,
          0,
          0,
          0,
          0,
          0,
          0,
          0,
          0,
          0,
          0,
          0,
          0,
          0,
          0,
          0,
          0,
          0,
          0,
          0,
          0,
          0,
          0,
          0,
          0,
          0,
          0,
          0,
          0,
          0,
          0,
          0,
          0,
          0,
          0,
          0,
          0,
          0,
          0,
          0,
          0,
          0,
          null,
          0
        ],
        "branches": {}
      },
      "/Users/schwegler/media_inventory/app/models/album.rb": {
        "lines": [
          null,
          null,
          0,
          0,
          null,
          0,
          0,
          0,
          0,
          0,
          null,
          0,
          null,
          0,
          null,
          0,
          0,
          0,
          null,
          0,
          0,
          0,
          null,
          0,
          0,
          null,
          0,
          0,
          0,
          null,
          0,
[...]
        "lines": [
          null,
          null,
          0,
          0,
          0,
          0,
          0,
          0,
          0,
          0,
          0,
          0,
          0,
          0,
          0,
          0,
          0,
          0,
          null,
          0,
          0,
          0,
          0,
          0,
          0,
          0,
          0,
          0,
          0
        ],
        "branches": {}
      },
      "/Users/schwegler/media_inventory/app/models/application_record.rb": {
        "lines": [
          null,
          null,
          0,
          0,
          0
        ],
        "branches": {}
      },
      "/Users/schwegler/media_inventory/app/models/comic.rb": {
        "lines": [
          null,
          null,
          0,
          0,
          null,
          0,
          0,
          0,
          0,
          0,
          null,
          0,
          null,
          0,
          null,
          0,
          null,
          0,
          0,
          0,
          null,
          0,
          0,
          0,
          null,
          0,
          0,
          0,
          0,
          0,
          0,
          null,
          0,
          0,
          null,
          0,
          0,
          0,
          0,
          null,
          0,
          0,
          null,
          0,
          0,
          null,
          0,
          0,
          0,
          0,
          0,
          null,
          0,
          0,
          0,
          0,
          0,
          0,
          0,
          0,
          0,
          0,
          0,
          0,
          0,
          0,
          0,
          null,
          0,
          0,
          0,
          0,
          null,
          0,
          0,
          0,
          0,
          0,
          0,
          0,
          0,
          0,
          0
        ],
        "branches": {}
      },
      "/Users/schwegler/media_inventory/app/models/comic_issue.rb": {
        "lines": [
          null,
          null,
          0,
          0,
          0,
          0,
          null,
          0,
          0,
          0,
          0,
          0,
          null,
          null,
          0,
          0,
          0,
          null,
          null,
          0,
          0,
          0,
          null,
          0,
          0,
          0,
          null,
          0,
          0,
          0,
          null,
          null,
          0,
          0,
          0,
          null,
          0,
          0,
          0,
          null,
          0,
          0,
          0,
          null,
          0,
          0,
          0,
          null,
          0,
          0,
          0,
          null,
          0,
          0,
          0,
          0
        ],
        "branches": {}
      },
      "/Users/schwegler/media_inventory/app/models/comment.rb": {
        "lines": [
          null,
          null,
          0,
          0,
          0,
          null,
          0,
          0,
          null,
          0,
          null,
          0,
          null,
          0,
          null,
          0,
          null,
          0,
          0,
          0,
          null,
          null,
          0,
          0,
          0,
          null,
          null,
          0,
          0,
          0,
          0,
          0,
          0,
          0
        ],
        "branches": {}
      },
      "/Users/schwegler/media_inventory/app/models/concerns/library_item_form_attributes.rb": {
        "lines": [
          null,
          null,
          0,
          0,
          null,
          0,
          0,
          null,
          null,
          0,
          0,
          0,
          null,
          null,
          0,
          0,
          0,
          null,
          0,
          0,
          0,
          null,
          0,
          0,
          0,
          0,
          0
        ],
        "branches": {}
      },
      "/Users/schwegler/media_inventory/app/models/concerns/trackable.rb": {
        "lines": [
          null,
          null,
          null,
          0,
          0,
          null,
          0,
          0,
          0,
          0,
          0,
          null,
          0,
          null,
          null,
          0,
          0,
          null,
          0,
          null,
          0,
          0,
          0,
          0,
          0,
          null,
          0,
          0,
          0,
          0,
          0,
          0,
          null,
          0,
          0,
          0,
          0,
          0,
          0,
          null,
          0,
          0,
          0,
          0,
          0,
          0,
          null,
          null,
          0,
          0,
          0,
          0,
          0,
          null,
          0,
          0,
          0,
          0,
          0,
          null,
          0,
          0,
          0,
          null,
          null,
          0,
          0,
          0,
          0,
          0,
          0,
          0,
          0,
          null,
          0,
          0,
          null,
          0,
          0,
          null,
          0,
          0,
          0,
          0,
          0,
          0,
          0,
          null,
          0,
          0,
          0,
          0,
          0,
          0,
          null,
          0,
          0,
          0,
          null,
          0,
          0,
          0,
          null,
          0,
          0,
          0,
          null,
          0,
          0,
          0,
          0,
          0,
          0,
          null,
          0,
          0,
          0,
          null,
          0,
          0,
          0,
          null,
          0,
          0,
          null,
          0,
          0,
          0,
          0,
          0,
          null,
          0,
          0,
          null,
          0,
          0,
          0,
          0,
          0,
          0,
          0,
          null,
          0,
          0,
          0,
          0,
          0,
          0,
          0,
          null,
          0,
          0,
          0,
          0,
          0,
          0,
          0,
          0,
          null,
          0,
          0,
          0,
          0,
          null,
          0,
          0,
          0,
          0,
          0,
          null
        ],
        "branches": {}
      },
      "/Users/schwegler/media_inventory/app/models/edit_suggestion.rb": {
        "lines": [
          0,
          0,
          0,
          null,
          0,
          0,
          null,
          0,
          null,
          0,
          null,
          0,
          0,
          0,
          0
        ],
        "branches": {}
      },
      "/Users/schwegler/media_inventory/app/models/library_item.rb": {
        "lines": [
          null,
          null,
          0,
          0,
          null,
          0,
          0,
          null,
          0,
          0,
          null,
          0,
          0,
          0,
          0,
          0,
          0,
          0,
          null,
          0,
          0,
          0,
          0
        ],
        "branches": {}
      },
      "/Users/schwegler/media_inventory/app/models/like.rb": {
        "lines": [
          null,
          null,
          0,
          0,
          0,
          null,
          0,
          null,
          0,
          null,
          0,
          null,
          0,
          0,
          0,
          0,
          0,
          0
        ],
        "branches": {}
      },
      "/Users/schwegler/media_inventory/app/models/mastodon_oauth_application.rb": {
        "lines": [
          null,
          null,
          0,
          0,
          0,
          0,
          0
        ],
        "branches": {}
      },
      "/Users/schwegler/media_inventory/app/models/movie.rb": {
        "lines": [
          null,
          null,
          0,
          0,
          null,
          0,
          0,
          0,
          0,
          0,
          null,
          0,
          null,
          0,
          null,
          0,
          0,
          0,
          null,
          0,
          0,
          0,
          0,
          0,
          0,
          null,
          0,
          0,
          0,
          0,
          0,
          null,
          0,
          0,
          0,
          0,
          0,
          0,
          0,
          0,
          0
        ],
        "branches": {}
      },
      "/Users/schwegler/media_inventory/app/models/notification.rb": {
        "lines": [
          0,
          0,
          0,
          0,
          null,
          0,
          0
        ],
        "branches": {}
      },
      "/Users/schwegler/media_inventory/app/models/post.rb": {
        "lines": [
          0,
          0,
          null,
          0,
          0,
          null,
          0,
          0
        ],
        "branches": {}
      },
      "/Users/schwegler/media_inventory/app/models/relationship.rb": {
        "lines": [
          null,
          null,
          0,
          0,
          0,
          0,
          0,
          0
        ],
        "branches": {}
      },
      "/Users/schwegler/media_inventory/app/models/tv_episode.rb": {
        "lines": [
          null,
          null,
          0,
          0,
          0,
          0,
          null,
          0,
          0,
          0,
          0,
          null,
          null,
          0,
          0,
          0,
          null,
          null,
          0,
          0,
          0,
          null,
          0,
          0,
          0,
          null,
          0,
          0,
          0,
          null,
          null,
          0,
          0,
          0,
          null,
          0,
          0,
          0,
          null,
          0,
          0,
          0,
          null,
          0,
          0,
          0,
          null,
          0,
          0,
          0,
          null,
          0,
          0,
          0,
          0
        ],
        "branches": {}
      },
      "/Users/schwegler/media_inventory/app/models/tv_show.rb": {
        "lines": [
          null,
          null,
          0,
          0,
          null,
          0,
          0,
          0,
          0,
          0,
          null,
          0,
          null,
          0,
          null,
          0,
          null,
          0,
          0,
          0,
          null,
          0,
          0,
          0,
          null,
          0,
          0,
          0,
          0,
          0,
          0,
          0,
          0,
          0,
          0,
          null,
          0,
          0,
          0,
          0,
          0,
          0,
          0,
          0,
          0,
          0,
          0,
          0,
          0,
          0
        ],
        "branches": {}
      },
      "/Users/schwegler/media_inventory/app/models/user.rb": {
        "lines": [
          null,
          null,
          0,
          0,
          null,
          0,
          0,
          null,
          0,
          0,
          0,
          0,
          0,
          0,
          0,
          0,
          0,
          0,
          null,
          0,
          0,
          null,
          0,
          null,
          0,
          0,
          0,
          null,
          0,
          0,
          0,
          null,
          0,
          0,
          0,
          null,
          0,
          0,
          0,
          null,
          0,
          0,
          0,
          0,
          0,
          0,
          0,
          0,
          0,
          null,
          0,
          0,
          0,
          0,
          0,
          0,
          0,
          0,
          null,
          0,
          0,
          0,
          null,
          0,
          0,
          0,
          null,
          0,
          0,
          0,
          null,
          0,
          0,
          0,
          null,
          0,
          0,
          0,
          0,
          0,
          0,
          0,
          0,
          0,
          null,
          0,
          null,
          0,
          0,
          0,
          0,
          null,
          0,
          0,
          0,
          0,
          0,
          0,
          0,
          0,
          null,
          0,
          null,
          0,
          0,
          0,
          0,
          0,
          0,
          0
        ],
        "branches": {}
      },
      "/Users/schwegler/media_inventory/app/models/video_game.rb": {
        "lines": [
          null,
          null,
          0,
          0,
          null,
          0,
          0,
          0,
          0,
          null,
          0,
          null,
          0,
          null,
          0,
          null,
          0,
          0,
          0,
          null,
          0,
          0,
          0,
          0,
          0,
          null,
          0,
          0,
          0,
          0,
          null,
          0,
          0,
          0,
          0,
          0,
          0,
          null,
          0,
          0,
          0,
          0,
          0,
          0,
          0,
          0,
          0,
          0
        ],
        "branches": {}
      },
      "/Users/schwegler/media_inventory/app/services/bluesky_client.rb": {
        "lines": [
          null,
          null,
          0,
          0,
          0,
          null,
          0,
          0,
          null,
          0,
          0,
          0,
          null,
          0,
          0,
          null,
          0,
          0,
          null,
          0,
          0,
          null,
          0,
          0,
          0,
          0,
          0,
          0,
          null,
          0,
          0,
          null,
          0,
          0,
          null,
          0,
          0,
          0,
          null,
          0,
          0,
          0,
          0,
          0,
          0,
          null,
          0,
          0,
          0,
          null,
          0,
          0,
          null,
          0,
          0,
          0,
          0,
          0,
          null,
          0,
          null,
          0,
          0,
          0,
          0,
          0,
          null,
          0,
          0,
          0,
          0,
          0,
          0,
          0,
          0,
          0,
          0,
          0,
          null,
          0,
          0,
          0,
          0,
          0,
          0
        ],
        "branches": {}
      },
      "/Users/schwegler/media_inventory/app/services/bluesky_service.rb": {
        "lines": [
          null,
          null,
          0,
          0,
          0,
          null,
          0,
          0,
          0,
          0,
          0,
          null,
          0,
          0,
          0,
          null,
          0,
          0,
          null,
          0,
          null,
          0,
          0,
          0,
          0,
          0,
          null,
          0,
          0,
          0,
          null,
          0,
          null,
          0,
          0,
          0,
          null,
          null,
          0,
          0,
          0,
          0,
          0,
          null,
          0,
          0,
          0,
          0,
          0,
          0,
          0,
          0,
          0,
          null,
          0,
          0,
          0,
          null,
          0,
          0,
          0,
          null,
          null
        ],
        "branches": {}
      },
      "/Users/schwegler/media_inventory/app/services/mastodon_app_registration.rb": {
        "lines": [
          null,
          null,
          0,
          0,
          0,
          null,
          0,
          0,
          null,
          0,
          0,
          null,
          0,
          0,
          null,
          null,
          0,
          0,
          null,
          0,
          0,
          null,
          0,
          0,
          0,
          0,
          0,
          0,
          0,
          0,
          0,
          0,
          null,
          0,
          0,
          0,
          0,
          null,
          0,
          0,
          0,
          0,
          0,
          0,
          0,
          0,
          0,
          0,
          0,
          0,
          0,
          0,
          0,
          0
        ],
        "branches": {}
      },
      "/Users/schwegler/media_inventory/app/services/mastodon_client.rb": {
        "lines": [
          null,
          null,
          0,
          0,
          null,
          0,
          0,
          0,
          0,
          null,
          0,
          0,
          null,
          0,
          0,
          0,
          0,
          0,
          null,
          0,
          0,
          0,
          0,
          null,
          0,
          0,
          0,
          null,
          0,
          0,
          0,
          0,
          0,
          0,
          0,
          0,
          0,
          0,
          null,
          0,
          0,
          null,
          0,
          0,
          0,
          0,
          null,
          0,
          0,
          0,
          null,
          0,
          0,
          0,
          0,
          0,
          0
        ],
        "branches": {}
      },
      "/Users/schwegler/media_inventory/app/services/media_api_fetcher.rb": {
        "lines": [
          null,
          null,
          0,
          0,
          null,
          0,
          0,
          0,
          0,
          null,
          0,
          0,
          0,
          null,
          0,
          0,
          0,
          0,
          0,
          0,
          0,
          0,
          0,
          0,
          0,
          0,
          null,
          null,
          0,
          null,
          0,
          0,
          0,
          null,
          0,
          null,
          0,
          0,
          null,
          0,
          0,
          null,
          0,
          0,
          0,
          null,
          0,
          0,
          null,
          null,
          0,
          0,
          0,
          0,
          0,
          null,
          0,
          0,
          0,
          0,
          0,
          0,
          0,
          0,
          0,
          null,
          0,
          0,
          null,
          0,
          0,
          0,
          null,
          0,
          0,
          0,
          0,
          0,
          0,
          0,
          0,
          0,
          0,
          null,
          0,
          0,
          null,
          0,
          0,
          0,
          null,
          0,
          0,
          0,
          0,
          0,
          0,
          0,
          0,
          null,
          null,
          0,
          null,
          0,
          0,
          0,
          null,
          0,
          0,
          0,
          0,
          null,
          0,
          0,
          0,
          0,
          0,
          0,
          0,
          0,
          0,
          0,
          0,
          0,
          null,
          0,
          0,
          null,
          0,
          0,
          0,
          null,
          0,
          0,
          0,
          0,
          0,
          0,
          0,
          0,
          0,
          0,
          0,
          null,
          null,
          0,
          0,
          null,
          0,
          0,
          0,
          null,
          0,
          0,
          0,
          0,
          0,
          0,
          0,
          0,
          0,
          0,
          null,
          0,
          null,
          0,
          0,
          null,
          0,
          0,
          0
        ],
        "branches": {}
      }
    },
    "timestamp": 1781989264
  }
}
